Resolving dependencies...
Downloading packages...
  _flutterfire_internals 1.3.59 (1.3.69 available)
  async 2.13.0 (2.13.1 available)
  cli_util 0.4.2 (0.5.0 available)
  cloud_firestore 5.6.12 (6.3.0 available)
  cloud_firestore_platform_interface 6.6.12 (7.2.0 available)
  cloud_firestore_web 4.4.12 (5.3.0 available)
  cupertino_icons 1.0.8 (1.0.9 available)
  firebase_auth 5.7.0 (6.4.0 available)
  firebase_auth_platform_interface 7.7.3 (8.1.9 available)
  firebase_auth_web 5.15.3 (6.1.5 available)
  firebase_core 3.15.2 (4.7.0 available)
  firebase_core_platform_interface 6.0.2 (6.0.3 available)
  firebase_core_web 2.24.1 (3.6.0 available)
  firebase_messaging 15.2.10 (16.2.0 available)
  firebase_messaging_platform_interface 4.6.10 (4.7.9 available)
  firebase_messaging_web 3.10.10 (4.1.5 available)
  firebase_storage 12.4.10 (13.3.0 available)
  firebase_storage_platform_interface 5.2.10 (5.2.20 available)
  firebase_storage_web 3.10.17 (3.11.5 available)
  google_sign_in_android 7.2.9 (7.2.10 available)
  http 0.13.6 (1.6.0 available)
  meta 1.17.0 (1.18.2 available)
  test_api 0.7.10 (0.7.11 available)
  vector_math 2.2.0 (2.3.0 available)
  vm_service 15.0.2 (15.1.0 available)
Got dependencies!
25 packages have newer versions incompatible with dependency constraints.
Try `flutter pub outdated` for more information.
Launching lib\main.dart on Web Server in debug mode...
Waiting for connection from debug service on Web Server...         29.7s
lib\main.dart is being served at http://127.0.0.1:3000
The web-server device requires the Dart Debug Chrome extension for debugging. Consider using the Chrome or Edge devices for an improved development workflow.

Flutter run key commands.
r Hot reload. 
R Hot restart.
h List all available interactive commands.
d Detach (terminate "flutter run" but leave application running).
c Clear the screen
q Quit (terminate the application on the device).

